Using pre-set license
Built from '2020.3/staging' branch; Version is '2020.3.48f1 (b805b124c6b7) revision 12060081'; Using compiler version '192528614'; Build Type 'Release'
OS: 'Windows 10  (10.0.19045) 64bit Professional' Language: 'en' Physical Memory: 16264 MB
BatchMode: 1, IsHumanControllingUs: 0, StartBugReporterOnCrash: 0, Is64bit: 1, IsPro: 0

COMMAND LINE ARGUMENTS:
C:\Program Files\Unity 2020.3.48f1\Editor\Unity.exe
-adb2
-batchMode
-noUpm
-name
AssetImportWorker0
-projectPath
C:/Users/World/Documents/GitHub/final
-logFile
Logs/AssetImportWorker0.log
-srvPort
52570
Successfully changed project path to: C:/Users/World/Documents/GitHub/final
C:/Users/World/Documents/GitHub/final
Using Asset Import Pipeline V2.
Player connection [6040] Host "[IP] 10.26.36.34 [Port] 3221442528 [Flags] 2 [Guid] 2453334437 [EditorId] 2453334437 [Version] 1048832 [Id] WindowsEditor(7,DESKTOP-53FE7DS) [Debug] 1 [PackageName] WindowsEditor [ProjectName] Editor" joined multi-casting on [225.0.0.222:54997]...

Player connection [6040] Host "[IP] 10.26.36.34 [Port] 3221442528 [Flags] 2 [Guid] 2453334437 [EditorId] 2453334437 [Version] 1048832 [Id] WindowsEditor(7,DESKTOP-53FE7DS) [Debug] 1 [PackageName] WindowsEditor [ProjectName] Editor" joined alternative multi-casting on [225.0.0.222:34997]...

Refreshing native plugins compatible for Editor in 77.50 ms, found 2 plugins.
Preloading 0 native plugins for Editor in 0.00 ms.
Initialize engine version: 2020.3.48f1 (b805b124c6b7)
[Subsystems] Discovering subsystems at path C:/Program Files/Unity 2020.3.48f1/Editor/Data/Resources/UnitySubsystems
[Subsystems] Discovering subsystems at path C:/Users/World/Documents/GitHub/final/Assets
GfxDevice: creating device client; threaded=0
Direct3D:
    Version:  Direct3D 11.0 [level 11.0]
    Renderer: NVIDIA Quadro M1000M (ID=0x13b1)
    Vendor:   
    VRAM:     1999 MB
    Driver:   31.0.15.5286
Initialize mono
Mono path[0] = 'C:/Program Files/Unity 2020.3.48f1/Editor/Data/Managed'
Mono path[1] = 'C:/Program Files/Unity 2020.3.48f1/Editor/Data/MonoBleedingEdge/lib/mono/unityjit'
Mono config path = 'C:/Program Files/Unity 2020.3.48f1/Editor/Data/MonoBleedingEdge/etc'
Using monoOptions --debugger-agent=transport=dt_socket,embedding=1,server=y,suspend=n,address=127.0.0.1:56248
Begin MonoManager ReloadAssembly
Registering precompiled unity dll's ...
Register platform support module: C:/Program Files/Unity 2020.3.48f1/Editor/Data/PlaybackEngines/WindowsStandaloneSupport/UnityEditor.WindowsStandalone.Extensions.dll
Registered in 0.002550 seconds.
Native extension for WindowsStandalone target not found
Refreshing native plugins compatible for Editor in 128.69 ms, found 2 plugins.
Preloading 0 native plugins for Editor in 0.00 ms.
Mono: successfully reloaded assembly
- Completed reload, in  2.016 seconds
Domain Reload Profiling:
	ReloadAssembly (2017ms)
		BeginReloadAssembly (218ms)
			ExecutionOrderSort (0ms)
			DisableScriptedObjects (0ms)
			BackupInstance (0ms)
			ReleaseScriptingObjects (0ms)
			CreateAndSetChildDomain (3ms)
		EndReloadAssembly (1621ms)
			LoadAssemblies (213ms)
			RebuildTransferFunctionScriptingTraits (0ms)
			SetupTypeCache (409ms)
			ReleaseScriptCaches (0ms)
			RebuildScriptCaches (142ms)
			SetupLoadedEditorAssemblies (686ms)
				LogAssemblyErrors (0ms)
				InitializePlatformSupportModulesInManaged (17ms)
				SetLoadedEditorAssemblies (2ms)
				RefreshPlugins (129ms)
				BeforeProcessingInitializeOnLoad (62ms)
				ProcessInitializeOnLoadAttributes (359ms)
				ProcessInitializeOnLoadMethodAttributes (115ms)
				AfterProcessingInitializeOnLoad (0ms)
				EditorAssembliesLoaded (1ms)
			ExecutionOrderSort2 (0ms)
			AwakeInstancesAfterBackupRestoration (0ms)
Platform modules already initialized, skipping
Registering precompiled user dll's ...
Registered in 0.013406 seconds.
Begin MonoManager ReloadAssembly
Native extension for WindowsStandalone target not found
Refreshing native plugins compatible for Editor in 0.63 ms, found 2 plugins.
Preloading 0 native plugins for Editor in 0.00 ms.
Mono: successfully reloaded assembly
- Completed reload, in  3.006 seconds
Domain Reload Profiling:
	ReloadAssembly (3008ms)
		BeginReloadAssembly (378ms)
			ExecutionOrderSort (0ms)
			DisableScriptedObjects (14ms)
			BackupInstance (0ms)
			ReleaseScriptingObjects (0ms)
			CreateAndSetChildDomain (42ms)
		EndReloadAssembly (2462ms)
			LoadAssemblies (249ms)
			RebuildTransferFunctionScriptingTraits (0ms)
			SetupTypeCache (677ms)
			ReleaseScriptCaches (1ms)
			RebuildScriptCaches (181ms)
			SetupLoadedEditorAssemblies (1002ms)
				LogAssemblyErrors (0ms)
				InitializePlatformSupportModulesInManaged (13ms)
				SetLoadedEditorAssemblies (1ms)
				RefreshPlugins (1ms)
				BeforeProcessingInitializeOnLoad (192ms)
				ProcessInitializeOnLoadAttributes (746ms)
				ProcessInitializeOnLoadMethodAttributes (38ms)
				AfterProcessingInitializeOnLoad (10ms)
				EditorAssembliesLoaded (1ms)
			ExecutionOrderSort2 (0ms)
			AwakeInstancesAfterBackupRestoration (7ms)
Platform modules already initialized, skipping
========================================================================
Worker process is ready to serve import requests
Launched and connected shader compiler UnityShaderCompiler.exe after 0.12 seconds
Refreshing native plugins compatible for Editor in 1.39 ms, found 2 plugins.
Preloading 0 native plugins for Editor in 0.00 ms.
Unloading 1361 Unused Serialized files (Serialized files now loaded: 0)
System memory in use before: 66.7 MB.
System memory in use after: 66.7 MB.

Unloading 22 unused Assets to reduce memory usage. Loaded Objects now: 1806.
Total: 9.760400 ms (FindLiveObjects: 0.421500 ms CreateObjectMapping: 0.180100 ms MarkObjects: 8.909300 ms  DeleteObjects: 0.245800 ms)

AssetImportParameters requested are different than current active one (requested -> active):
  custom:framework-win-MediaFoundation: 216162199b28c13a410421893ffa2e32 -> 
  custom:video-decoder-ogg-theora: a1e56fd34408186e4bbccfd4996cb3dc -> 
  custom:container-muxer-webm: aa71ff27fc2769a1b78a27578f13a17b -> 
  custom:container-demuxer-webm: 4f35f7cbe854078d1ac9338744f61a02 -> 
  custom:container-demuxer-ogg: 62fdf1f143b41e24485cea50d1cbac27 -> 
  custom:video-encoder-webm-vp8: eb34c28f22e8b96e1ab97ce403110664 -> 
  custom:video-decoder-webm-vp8: 9c59270c3fd7afecdb556c50c9e8de78 -> 
  custom:audio-decoder-ogg-vorbis: bf7c407c2cedff20999df2af8eb42d56 -> 
  custom:audio-encoder-webm-vorbis: bf7c407c2cedff20999df2af8eb42d56 -> 
========================================================================
Received Import Request.
  path: Assets/ScriptsFolder/LoadingScreen.cs
  artifactKey: Guid(afd7536232a08904288b361e67f888f3) Importer(815301076,1909f56bfc062723c751e8b465ee728b)
Start importing Assets/ScriptsFolder/LoadingScreen.cs using Guid(afd7536232a08904288b361e67f888f3) Importer(815301076,1909f56bfc062723c751e8b465ee728b)  -> (artifact id: '81fdb0665cd23bf6009de11fddad0420') in 0.055006 seconds 
========================================================================
Received Import Request.
  Time since last request: 620.775172 seconds.
  path: Assets/Scenes/Mode1Level1.unity
  artifactKey: Guid(c21bb027b5b1b264399bc87cf2294cb3) Importer(815301076,1909f56bfc062723c751e8b465ee728b)
Start importing Assets/Scenes/Mode1Level1.unity using Guid(c21bb027b5b1b264399bc87cf2294cb3) Importer(815301076,1909f56bfc062723c751e8b465ee728b)  -> (artifact id: '68ba5f26f0f0ce1001a92516d6084c2a') in 0.013094 seconds 
========================================================================
Received Import Request.
  Time since last request: 511.433271 seconds.
  path: Assets/Prefabs/Cube.prefab
  artifactKey: Guid(4abe6d49d95c7c24f927695476b2f2c2) Importer(815301076,1909f56bfc062723c751e8b465ee728b)
Start importing Assets/Prefabs/Cube.prefab using Guid(4abe6d49d95c7c24f927695476b2f2c2) Importer(815301076,1909f56bfc062723c751e8b465ee728b)  -> (artifact id: '777ab6ce61c2c280162f192c29e1a2b4') in 0.145608 seconds 
========================================================================
Received Import Request.
  Time since last request: 3.681799 seconds.
  path: Assets/Prefabs/Sphere.prefab
  artifactKey: Guid(e6497c5149084e44d8699b8a658a44b1) Importer(815301076,1909f56bfc062723c751e8b465ee728b)
Start importing Assets/Prefabs/Sphere.prefab using Guid(e6497c5149084e44d8699b8a658a44b1) Importer(815301076,1909f56bfc062723c751e8b465ee728b)  -> (artifact id: '0cb8ce10a9f4c4ab9058037b8f71b2a8') in 0.014753 seconds 
========================================================================
Received Import Request.
  Time since last request: 2.916671 seconds.
  path: Assets/Prefabs/Capsule.prefab
  artifactKey: Guid(c89f6bdabb2e3ac4cb8692ff5f7240cd) Importer(815301076,1909f56bfc062723c751e8b465ee728b)
Start importing Assets/Prefabs/Capsule.prefab using Guid(c89f6bdabb2e3ac4cb8692ff5f7240cd) Importer(815301076,1909f56bfc062723c751e8b465ee728b)  -> (artifact id: '54ba4c51f4e03a0f2d5c9358086f3523') in 0.021466 seconds 
========================================================================
Received Import Request.
  Time since last request: 4.222936 seconds.
  path: Assets/Prefabs/Cylinder.prefab
  artifactKey: Guid(c86bd1fffc3055a41b235c50e1aac4aa) Importer(815301076,1909f56bfc062723c751e8b465ee728b)
Start importing Assets/Prefabs/Cylinder.prefab using Guid(c86bd1fffc3055a41b235c50e1aac4aa) Importer(815301076,1909f56bfc062723c751e8b465ee728b)  -> (artifact id: '2ebb1747d27797b582a72a86b809c95f') in 0.017943 seconds 
========================================================================
Received Import Request.
  Time since last request: 315.297604 seconds.
  path: Assets/Prefabs/Level1.prefab
  artifactKey: Guid(10fe46e1b0166354290d4954beea6580) Importer(815301076,1909f56bfc062723c751e8b465ee728b)
Start importing Assets/Prefabs/Level1.prefab using Guid(10fe46e1b0166354290d4954beea6580) Importer(815301076,1909f56bfc062723c751e8b465ee728b)  -> (artifact id: '12c37ba7bbebc1c53344f7507c773d9d') in 0.031871 seconds 
========================================================================
Received Import Request.
  Time since last request: 107.242373 seconds.
  path: Assets/ScriptsFolder/LevelManager1.cs
  artifactKey: Guid(62da679cc9e45d74992d9c146c62b15d) Importer(815301076,1909f56bfc062723c751e8b465ee728b)
Start importing Assets/ScriptsFolder/LevelManager1.cs using Guid(62da679cc9e45d74992d9c146c62b15d) Importer(815301076,1909f56bfc062723c751e8b465ee728b)  -> (artifact id: '918cde0781dd1bdecd635c3e6f7dd942') in 0.003442 seconds 
========================================================================
Received Import Request.
  Time since last request: 218.855607 seconds.
  path: Assets/ScriptsFolder/LevelManager.cs
  artifactKey: Guid(e0aaae8f349679344bbf33e505a1f29f) Importer(815301076,1909f56bfc062723c751e8b465ee728b)
Start importing Assets/ScriptsFolder/LevelManager.cs using Guid(e0aaae8f349679344bbf33e505a1f29f) Importer(815301076,1909f56bfc062723c751e8b465ee728b)  -> (artifact id: '8928a8aa5b0b53d41d43ad61fc81c2ec') in 0.005265 seconds 
========================================================================
Received Import Request.
  Time since last request: 763.965644 seconds.
  path: Assets/Scenes/Mode1Level1.unity
  artifactKey: Guid(c21bb027b5b1b264399bc87cf2294cb3) Importer(815301076,1909f56bfc062723c751e8b465ee728b)
Start importing Assets/Scenes/Mode1Level1.unity using Guid(c21bb027b5b1b264399bc87cf2294cb3) Importer(815301076,1909f56bfc062723c751e8b465ee728b)  -> (artifact id: '5aa2657d331db34eecee134e1fed322f') in 0.004703 seconds 
========================================================================
Received Import Request.
  Time since last request: 511.364517 seconds.
  path: Assets/ScriptsFolder/NewBehaviourScript.cs
  artifactKey: Guid(208c13698e665824e9307c80f1147514) Importer(815301076,1909f56bfc062723c751e8b465ee728b)
Start importing Assets/ScriptsFolder/NewBehaviourScript.cs using Guid(208c13698e665824e9307c80f1147514) Importer(815301076,1909f56bfc062723c751e8b465ee728b)  -> (artifact id: 'f1a664b79b27eb866c43d5d37ecd2d6f') in 0.002595 seconds 
========================================================================
Received Import Request.
  Time since last request: 43.436570 seconds.
  path: Assets/ScriptsFolder/Mode1Button.cs
  artifactKey: Guid(208c13698e665824e9307c80f1147514) Importer(815301076,1909f56bfc062723c751e8b465ee728b)
Start importing Assets/ScriptsFolder/Mode1Button.cs using Guid(208c13698e665824e9307c80f1147514) Importer(815301076,1909f56bfc062723c751e8b465ee728b)  -> (artifact id: 'd5382358d230a7c20964a424dc0f7bc5') in 0.003064 seconds 
========================================================================
Received Import Request.
  Time since last request: 138.799952 seconds.
  path: Assets/ScriptsFolder/Mode1Button.cs
  artifactKey: Guid(208c13698e665824e9307c80f1147514) Importer(815301076,1909f56bfc062723c751e8b465ee728b)
Start importing Assets/ScriptsFolder/Mode1Button.cs using Guid(208c13698e665824e9307c80f1147514) Importer(815301076,1909f56bfc062723c751e8b465ee728b)  -> (artifact id: 'aea386376b4fd322a8be4db6e7915ed9') in 0.002022 seconds 
========================================================================
Received Import Request.
  Time since last request: 6630.259963 seconds.
  path: Assets/ScriptsFolder/LoadingScreen.cs
  artifactKey: Guid(afd7536232a08904288b361e67f888f3) Importer(815301076,1909f56bfc062723c751e8b465ee728b)
Start importing Assets/ScriptsFolder/LoadingScreen.cs using Guid(afd7536232a08904288b361e67f888f3) Importer(815301076,1909f56bfc062723c751e8b465ee728b)  -> (artifact id: 'e405855c0bf9b8efcec5bef46fb3c1f8') in 0.004352 seconds 
========================================================================
Received Prepare
Registering precompiled user dll's ...
Registered in 0.006445 seconds.
Begin MonoManager ReloadAssembly
Native extension for WindowsStandalone target not found
Refreshing native plugins compatible for Editor in 0.51 ms, found 2 plugins.
Preloading 0 native plugins for Editor in 0.00 ms.
Mono: successfully reloaded assembly
- Completed reload, in  2.238 seconds
Domain Reload Profiling:
	ReloadAssembly (2240ms)
		BeginReloadAssembly (174ms)
			ExecutionOrderSort (0ms)
			DisableScriptedObjects (7ms)
			BackupInstance (0ms)
			ReleaseScriptingObjects (0ms)
			CreateAndSetChildDomain (48ms)
		EndReloadAssembly (1950ms)
			LoadAssemblies (141ms)
			RebuildTransferFunctionScriptingTraits (0ms)
			SetupTypeCache (583ms)
			ReleaseScriptCaches (1ms)
			RebuildScriptCaches (90ms)
			SetupLoadedEditorAssemblies (930ms)
				LogAssemblyErrors (0ms)
				InitializePlatformSupportModulesInManaged (10ms)
				SetLoadedEditorAssemblies (1ms)
				RefreshPlugins (1ms)
				BeforeProcessingInitializeOnLoad (153ms)
				ProcessInitializeOnLoadAttributes (713ms)
				ProcessInitializeOnLoadMethodAttributes (37ms)
				AfterProcessingInitializeOnLoad (13ms)
				EditorAssembliesLoaded (1ms)
			ExecutionOrderSort2 (0ms)
			AwakeInstancesAfterBackupRestoration (8ms)
Platform modules already initialized, skipping
Switching build target platform(19) subTarget(0) extendedPlatform(0) -> platform(13) subTarget(537395204) extendedPlatform(0)
Refreshing native plugins compatible for Editor in 0.86 ms, found 2 plugins.
Preloading 0 native plugins for Editor in 0.00 ms.
Unloading 1344 Unused Serialized files (Serialized files now loaded: 0)
System memory in use before: 68.3 MB.
System memory in use after: 68.4 MB.

Unloading 19 unused Assets to reduce memory usage. Loaded Objects now: 1820.
Total: 6.763700 ms (FindLiveObjects: 0.252500 ms CreateObjectMapping: 0.102500 ms MarkObjects: 6.347600 ms  DeleteObjects: 0.059000 ms)

AssetImportParameters requested are different than current active one (requested -> active):
  custom:framework-win-MediaFoundation: 216162199b28c13a410421893ffa2e32 -> 
  custom:video-decoder-ogg-theora: a1e56fd34408186e4bbccfd4996cb3dc -> 
  custom:container-muxer-webm: aa71ff27fc2769a1b78a27578f13a17b -> 
  custom:container-demuxer-webm: 4f35f7cbe854078d1ac9338744f61a02 -> 
  custom:container-demuxer-ogg: 62fdf1f143b41e24485cea50d1cbac27 -> 
  custom:video-encoder-webm-vp8: eb34c28f22e8b96e1ab97ce403110664 -> 
  custom:video-decoder-webm-vp8: 9c59270c3fd7afecdb556c50c9e8de78 -> 
  custom:graphics/normal-map-encoding: 01000000000000000000000000000000 -> 02000000000000000000000000000000
  custom:audio-decoder-ogg-vorbis: bf7c407c2cedff20999df2af8eb42d56 -> 
  custom:audio-encoder-webm-vorbis: bf7c407c2cedff20999df2af8eb42d56 -> 
========================================================================
Received Import Request.
  Time since last request: 226.215815 seconds.
  path: Assets/Scenes/Mode1Level1.unity
  artifactKey: Guid(c21bb027b5b1b264399bc87cf2294cb3) Importer(815301076,1909f56bfc062723c751e8b465ee728b)
Start importing Assets/Scenes/Mode1Level1.unity using Guid(c21bb027b5b1b264399bc87cf2294cb3) Importer(815301076,1909f56bfc062723c751e8b465ee728b)  -> (artifact id: '7f315efa95b13d3525b00149744102a1') in 0.004618 seconds 
========================================================================
Received Prepare
Registering precompiled user dll's ...
Registered in 0.003519 seconds.
Begin MonoManager ReloadAssembly
Native extension for WindowsStandalone target not found
Refreshing native plugins compatible for Editor in 0.85 ms, found 2 plugins.
Preloading 0 native plugins for Editor in 0.00 ms.
Mono: successfully reloaded assembly
- Completed reload, in  2.865 seconds
Domain Reload Profiling:
	ReloadAssembly (2866ms)
		BeginReloadAssembly (283ms)
			ExecutionOrderSort (0ms)
			DisableScriptedObjects (12ms)
			BackupInstance (0ms)
			ReleaseScriptingObjects (0ms)
			CreateAndSetChildDomain (67ms)
		EndReloadAssembly (2416ms)
			LoadAssemblies (279ms)
			RebuildTransferFunctionScriptingTraits (0ms)
			SetupTypeCache (826ms)
			ReleaseScriptCaches (2ms)
			RebuildScriptCaches (169ms)
			SetupLoadedEditorAssemblies (831ms)
				LogAssemblyErrors (0ms)
				InitializePlatformSupportModulesInManaged (15ms)
				SetLoadedEditorAssemblies (2ms)
				RefreshPlugins (1ms)
				BeforeProcessingInitializeOnLoad (229ms)
				ProcessInitializeOnLoadAttributes (547ms)
				ProcessInitializeOnLoadMethodAttributes (28ms)
				AfterProcessingInitializeOnLoad (7ms)
				EditorAssembliesLoaded (1ms)
			ExecutionOrderSort2 (0ms)
			AwakeInstancesAfterBackupRestoration (6ms)
Platform modules already initialized, skipping
Switching build target platform(19) subTarget(0) extendedPlatform(0) -> platform(13) subTarget(537395204) extendedPlatform(0)
Refreshing native plugins compatible for Editor in 0.93 ms, found 2 plugins.
Preloading 0 native plugins for Editor in 0.00 ms.
Unloading 1344 Unused Serialized files (Serialized files now loaded: 0)
System memory in use before: 68.3 MB.
System memory in use after: 68.4 MB.

Unloading 17 unused Assets to reduce memory usage. Loaded Objects now: 1823.
Total: 8.314900 ms (FindLiveObjects: 0.303300 ms CreateObjectMapping: 0.147300 ms MarkObjects: 7.804900 ms  DeleteObjects: 0.057000 ms)

AssetImportParameters requested are different than current active one (requested -> active):
  custom:framework-win-MediaFoundation: 216162199b28c13a410421893ffa2e32 -> 
  custom:video-decoder-ogg-theora: a1e56fd34408186e4bbccfd4996cb3dc -> 
  custom:container-muxer-webm: aa71ff27fc2769a1b78a27578f13a17b -> 
  custom:container-demuxer-webm: 4f35f7cbe854078d1ac9338744f61a02 -> 
  custom:container-demuxer-ogg: 62fdf1f143b41e24485cea50d1cbac27 -> 
  custom:video-encoder-webm-vp8: eb34c28f22e8b96e1ab97ce403110664 -> 
  custom:video-decoder-webm-vp8: 9c59270c3fd7afecdb556c50c9e8de78 -> 
  custom:graphics/normal-map-encoding: 01000000000000000000000000000000 -> 02000000000000000000000000000000
  custom:audio-decoder-ogg-vorbis: bf7c407c2cedff20999df2af8eb42d56 -> 
  custom:audio-encoder-webm-vorbis: bf7c407c2cedff20999df2af8eb42d56 -> 
========================================================================
Received Import Request.
  Time since last request: 149.245025 seconds.
  path: Assets/Scenes/Mode1Level1.unity
  artifactKey: Guid(c21bb027b5b1b264399bc87cf2294cb3) Importer(815301076,1909f56bfc062723c751e8b465ee728b)
Start importing Assets/Scenes/Mode1Level1.unity using Guid(c21bb027b5b1b264399bc87cf2294cb3) Importer(815301076,1909f56bfc062723c751e8b465ee728b)  -> (artifact id: 'f373818b48b8c507224e6493500e2160') in 0.012576 seconds 
========================================================================
Received Prepare
Registering precompiled user dll's ...
Registered in 0.006212 seconds.
Begin MonoManager ReloadAssembly
Native extension for WindowsStandalone target not found
Refreshing native plugins compatible for Editor in 1.02 ms, found 2 plugins.
Preloading 0 native plugins for Editor in 0.00 ms.
Mono: successfully reloaded assembly
- Completed reload, in  2.952 seconds
Domain Reload Profiling:
	ReloadAssembly (2953ms)
		BeginReloadAssembly (331ms)
			ExecutionOrderSort (0ms)
			DisableScriptedObjects (12ms)
			BackupInstance (0ms)
			ReleaseScriptingObjects (0ms)
			CreateAndSetChildDomain (95ms)
		EndReloadAssembly (2375ms)
			LoadAssemblies (315ms)
			RebuildTransferFunctionScriptingTraits (0ms)
			SetupTypeCache (891ms)
			ReleaseScriptCaches (1ms)
			RebuildScriptCaches (117ms)
			SetupLoadedEditorAssemblies (859ms)
				LogAssemblyErrors (0ms)
				InitializePlatformSupportModulesInManaged (11ms)
				SetLoadedEditorAssemblies (1ms)
				RefreshPlugins (1ms)
				BeforeProcessingInitializeOnLoad (219ms)
				ProcessInitializeOnLoadAttributes (598ms)
				ProcessInitializeOnLoadMethodAttributes (22ms)
				AfterProcessingInitializeOnLoad (6ms)
				EditorAssembliesLoaded (1ms)
			ExecutionOrderSort2 (0ms)
			AwakeInstancesAfterBackupRestoration (5ms)
Platform modules already initialized, skipping
Switching build target platform(19) subTarget(0) extendedPlatform(0) -> platform(13) subTarget(537395204) extendedPlatform(0)
Refreshing native plugins compatible for Editor in 0.82 ms, found 2 plugins.
Preloading 0 native plugins for Editor in 0.00 ms.
Unloading 1344 Unused Serialized files (Serialized files now loaded: 0)
System memory in use before: 68.3 MB.
System memory in use after: 68.4 MB.

Unloading 17 unused Assets to reduce memory usage. Loaded Objects now: 1826.
Total: 7.722100 ms (FindLiveObjects: 0.324800 ms CreateObjectMapping: 0.134600 ms MarkObjects: 7.199400 ms  DeleteObjects: 0.061000 ms)

AssetImportParameters requested are different than current active one (requested -> active):
  custom:framework-win-MediaFoundation: 216162199b28c13a410421893ffa2e32 -> 
  custom:video-decoder-ogg-theora: a1e56fd34408186e4bbccfd4996cb3dc -> 
  custom:container-muxer-webm: aa71ff27fc2769a1b78a27578f13a17b -> 
  custom:container-demuxer-webm: 4f35f7cbe854078d1ac9338744f61a02 -> 
  custom:container-demuxer-ogg: 62fdf1f143b41e24485cea50d1cbac27 -> 
  custom:video-encoder-webm-vp8: eb34c28f22e8b96e1ab97ce403110664 -> 
  custom:video-decoder-webm-vp8: 9c59270c3fd7afecdb556c50c9e8de78 -> 
  custom:graphics/normal-map-encoding: 01000000000000000000000000000000 -> 02000000000000000000000000000000
  custom:audio-decoder-ogg-vorbis: bf7c407c2cedff20999df2af8eb42d56 -> 
  custom:audio-encoder-webm-vorbis: bf7c407c2cedff20999df2af8eb42d56 -> 
AssetImportWorkerClient::OnTransportError - code=2 error=End of file
